

HI-TECH Software PICC Macro Assembler V9.60PL5 build 3884 
                                                      Fri Jan 02 16:04:26 2015


     1                           
     2                           	; HI-TECH C PRO for the PIC10/12/16 MCU family
                                  V9.60PL5
     3                           	; Copyright (C) 1984-2009 HI-TECH Software
     4                           
     5                           	; Auto-generated runtime startup code for fina
                                 l link stage.
     6                           
     7                           	;
     8                           	; Compiler options:
     9                           	;
    10                           	; -oBCDTimer.cof -mBCDTimer.map --summary=defa
                                 ult --output=default \
    11                           	; DigIO.p1 main.p1 SW_TIMER.p1 Timerc.p1 --chi
                                 p=16F684 -P \
    12                           	; --runtime=default --opt=default -D__DEBUG=1 
                                 -g --asmlist \
    13                           	; --errformat=Error   [%n] %f; %l.%c %s --msgf
                                 ormat=Advisory[%n] %s \
    14                           	; --warnformat=Warning [%n] %f; %l.%c %s
    15                           	;
    16                           
    17                           
    18                           	processor	16F684
    19                           
    20                           	global	_main,start,_exit,reset_vec
    21                           	fnroot	_main
    22                           	psect	config,class=CONFIG,delta=2
    23                           	psect	idloc,class=IDLOC,delta=2
    24                           	psect	rbss_0,class=BANK0,space=1
    25                           	psect	rbss_1,class=BANK1,space=1
    26                           	psect	rbss_2,class=BANK2,space=1
    27                           	psect	rbss_3,class=BANK3,space=1
    28                           	psect	rdata_0,class=BANK0,space=1
    29                           	psect	rdata_1,class=BANK1,space=1
    30                           	psect	rdata_2,class=BANK2,space=1
    31                           	psect	rdata_3,class=BANK3,space=1
    32                           	psect	nvram,class=BANK0,space=1
    33                           	psect	nvram_1,class=BANK1,space=1
    34                           	psect	nvram_2,class=BANK2,space=1
    35                           	psect	nvram_3,class=BANK3,space=1
    36                           	psect	nvbit_0,class=BANK0,bit,space=1
    37                           	psect	nvbit_1,class=BANK1,bit,space=1
    38                           	psect	nvbit_2,class=BANK2,bit,space=1
    39                           	psect	nvbit_3,class=BANK3,bit,space=1
    40                           	psect	temp,ovrld,class=BANK0,space=1
    41                           	psect	struct,ovrld,class=BANK0,space=1
    42                           	psect	code,class=CODE,delta=2
    43                           	psect	rbit_0,class=BANK0,bit,space=1
    44                           	psect	ptbit_0,class=BANK0,bit,space=1
    45                           	psect	rbit_1,class=BANK1,bit,space=1
    46                           	psect	rbit_2,class=BANK2,bit,space=1
    47                           	psect	rbit_3,class=BANK3,bit,space=1
    48                           	psect	pstrings,class=CODE,delta=2
    49                           	psect	powerup,class=CODE,delta=2
    50                           	psect	reset_vec,class=CODE,delta=2
    51                           	psect	maintext,class=CODE,delta=2
    52  0000                     	C	set	0
    53  0000                     	Z	set	2
    54  0000                     	PCL	set	2
    55  0000                     	INDF	set	0
    56                           
    57                           	psect	fnautoc,class=COMMON,space=1
    58                           	psect	common,class=COMMON,space=1
    59                           	psect	fnauto0,class=BANK0,space=1
    60                           	psect	fnauto1,class=BANK1,space=1
    61  0000                     	STATUS	equ	3
    62  0000                     	PCLATH	equ	0Ah
    63                           
    64                           	psect	eeprom_data,class=EEDATA,delta=2,space=2
    65                           	psect	idata,class=CODE,delta=2
    66                           	psect	idata_0,class=CODE,delta=2
    67                           	psect	idata_1,class=CODE,delta=2
    68                           	psect	idata_2,class=CODE,delta=2
    69                           	psect	idata_3,class=CODE,delta=2
    70                           	psect	intcode,class=CODE,delta=2
    71                           	psect	intret,class=CODE,delta=2
    72                           	psect	intentry,class=CODE,delta=2
    73                           	global	intlevel0,intlevel1,intlevel2, intlevel
                                 3, intlevel4, intlevel5
    74  0004                     intlevel0:
    75  0004                     intlevel1:
    76  0004                     intlevel2:
    77  0004                     intlevel3:
    78  0004                     intlevel4:
    79  0004                     intlevel5:
    80                           	psect	intsave,class=BANK0,space=1
    81                           	psect	intsave_1,class=BANK1,space=1
    82                           	psect	intsave_2,class=BANK2,space=1
    83                           	psect	intsave_3,class=BANK3,space=1
    84                           	psect	init,class=CODE,delta=2
    85                           	psect	init23,class=CODE,delta=2
    86                           	psect	text,class=CODE,delta=2
    87                           	psect	end_init,class=CODE,delta=2
    88                           	psect	clrtext,class=CODE,delta=2
    89                           	psect	float_text0,class=CODE,delta=2,size=2048
    90                           	psect	float_text1,class=CODE,delta=2,size=2048
    91                           	psect	float_text2,class=CODE,delta=2,size=2048
    92                           	psect	float_text3,class=CODE,delta=2,size=2048
    93                           	psect	float_text4,class=CODE,delta=2,size=2048
    94  0000                     	FSR	set	4
    95                           	psect	strings,class=CODE,delta=2,reloc=256
    96                           
    97                           	psect	reset_vec
    98  0000                     reset_vec:
    99                           	; No powerup routine
   100                           	global start
   101                           
   102                           ; jump to start
   103  0000  280F               	goto	start & 0x7FF | (reset_vec & not 0x7FF)
   104                           
   105                           
   106                           
   107                           	psect	init
   108  000F                     start
   109  000F                     _exit
   110                           
   111                           ;----------------------------------------------
                                 ---------------------------------
   112                           ;		Clear (zero) uninitialized global variables
   113                           
   114                           ;	29 bytes of RAM objects in bank 0 to zero
   115                           
   116                           	psect	init
   117                           	global	__Lrbss_0
   118  000F  3061               	movlw	low(__Lrbss_0)		;load the low address in
                                 to FSR
   119  0010  0084               	movwf	FSR
   120  0011  307E               	movlw	low(__Lrbss_0+29)		;load the high addres
                                 s+1 into W
   121  0012  2014               	fcall	clear_ram		;go and zero that range of ad
                                 dresses
   122                           
   123                           	psect	clrtext,class=CODE,delta=2
   124                           	global	clear_ram
   125                           ;	Called with FSR containing the base address, 
                                 and
   126                           ;	W with the last address+1
   127  0014                     clear_ram:
   128  0014  0064               	clrwdt			;clear the watchdog before getting in
                                 to this loop
   129  0015                     clrloop:
   130  0015  0180               	clrf	INDF		;clear RAM location pointed to by F
                                 SR
   131  0016  0A84               	incf	FSR,f		;increment pointer to next locatio
                                 n
   132  0017  0604               	xorwf	FSR,w		;XOR with final address
   133  0018  1903               	btfsc	STATUS,2	;have we reached the end yet?
   134  0019  3400               	retlw	0		;all done for this bank, return
   135  001A  0604               	xorwf	FSR,w		;XOR again to restore value
   136  001B  2815               	goto	clrloop		;go and do the next byte
   137                           
   138                           ;	No RAM objects to clear in bank 1
   139                           ;	No RAM objects to clear in bank 2
   140                           ;	No RAM objects to clear in bank 3
   141                           ;	No RAM objects to clear in common bank
   142                           
   143                           ;----------------------------------------------
                                 ---------------------------------
   144                           	psect	end_init
   145  0013  281C               	ljmp _main


HI-TECH Software PICC Macro Assembler V9.60PL5 build 3884 
Symbol Table                                          Fri Jan 02 16:04:26 2015

  __Lrbss_0 0061          FSR 0004         INDF 0000        _main 001C  
      _exit 000F        start 000F    clear_ram 0014       STATUS 0003  
  intlevel0 0004    intlevel1 0004    intlevel2 0004    intlevel3 0004  
  intlevel4 0004    intlevel5 0004    reset_vec 0000      clrloop 0015  
